<?xml version="1.0" encoding="UTF-8"?>
<!-- Generated by org.testng.reporters.JUnitReportReporter -->
<testsuite hostname="MSI" failures="0" tests="1" name="tests.TestShopCart" time="0.006" errors="0" timestamp="2022-11-23T14:51:54 CET" skipped="0">
  <testcase classname="tests.TestShopCart" name="AddOneProductToCart" time="0.006"/>
  <system-out/>
</testsuite> <!-- tests.TestShopCart -->
